[2019-02-22 18:13:09.470] [exthost1] [info] extension host started
[2019-02-22 18:13:09.490] [exthost1] [info] ExtensionService#_doActivateExtension vscode.debug-auto-launch {"startup":true,"activationEvent":"*"}
[2019-02-22 18:13:09.490] [exthost1] [info] ExtensionService#loadCommonJSModule c:\Users\Manish Kumar\.codemix\engine\resources\app\extensions\debug-auto-launch\out\extension
[2019-02-22 18:13:09.500] [exthost1] [info] ExtensionService#_doActivateExtension vscode.emmet {"startup":true,"activationEvent":"*"}
[2019-02-22 18:13:09.501] [exthost1] [info] ExtensionService#loadCommonJSModule c:\Users\Manish Kumar\.codemix\engine\resources\app\extensions\emmet\dist\extension
[2019-02-22 18:13:09.536] [exthost1] [info] ExtensionService#_doActivateExtension vscode.merge-conflict {"startup":true,"activationEvent":"*"}
[2019-02-22 18:13:09.536] [exthost1] [info] ExtensionService#loadCommonJSModule c:\Users\Manish Kumar\.codemix\engine\resources\app\extensions\merge-conflict\out\extension
[2019-02-22 18:13:09.556] [exthost1] [info] ExtensionService#_doActivateExtension vscode.search-rg {"startup":true,"activationEvent":"*"}
[2019-02-22 18:13:09.556] [exthost1] [info] ExtensionService#loadCommonJSModule c:\Users\Manish Kumar\.codemix\engine\resources\app\extensions\search-rg\out\extension
[2019-02-22 18:13:09.564] [exthost1] [info] ExtensionService#_doActivateExtension christian-kohler.path-intellisense {"startup":true,"activationEvent":"*"}
[2019-02-22 18:13:09.564] [exthost1] [info] ExtensionService#loadCommonJSModule C:\Users\Manish Kumar\.codemix\extensions\christian-kohler.path-intellisense-1.4.2\out\src\extension
[2019-02-22 18:13:09.604] [exthost1] [info] ExtensionService#_doActivateExtension dbaeumer.vscode-eslint {"startup":true,"activationEvent":"*"}
[2019-02-22 18:13:09.604] [exthost1] [info] ExtensionService#loadCommonJSModule C:\Users\Manish Kumar\.codemix\extensions\dbaeumer.vscode-eslint-1.4.10\client\out\extension
[2019-02-22 18:13:09.791] [exthost1] [info] ExtensionService#_doActivateExtension formulahendry.auto-close-tag {"startup":true,"activationEvent":"*"}
[2019-02-22 18:13:09.791] [exthost1] [info] ExtensionService#loadCommonJSModule C:\Users\Manish Kumar\.codemix\extensions\formulahendry.auto-close-tag-0.5.6\out\src\extension
[2019-02-22 18:13:09.793] [exthost1] [info] ExtensionService#_doActivateExtension formulahendry.auto-rename-tag {"startup":true,"activationEvent":"*"}
[2019-02-22 18:13:09.793] [exthost1] [info] ExtensionService#loadCommonJSModule C:\Users\Manish Kumar\.codemix\extensions\formulahendry.auto-rename-tag-0.0.15\out\src\extension
[2019-02-22 18:13:09.799] [exthost1] [info] eager extensions activated
[2019-02-22 18:13:09.801] [exthost1] [info] ExtensionService#_doActivateExtension vscode.configuration-editing {"startup":false,"activationEvent":"onLanguage:jsonc"}
[2019-02-22 18:13:09.801] [exthost1] [info] ExtensionService#loadCommonJSModule c:\Users\Manish Kumar\.codemix\engine\resources\app\extensions\configuration-editing\out\extension
[2019-02-22 18:13:09.819] [exthost1] [info] ExtensionService#_doActivateExtension vscode.json-language-features {"startup":false,"activationEvent":"onLanguage:jsonc"}
[2019-02-22 18:13:09.819] [exthost1] [info] ExtensionService#loadCommonJSModule c:\Users\Manish Kumar\.codemix\engine\resources\app\extensions\json-language-features\client\dist\jsonMain
[2019-02-22 18:13:09.982] [exthost1] [info] ExtensionService#_doActivateExtension vscode.typescript-language-features {"startup":false,"activationEvent":"onLanguage:jsonc"}
[2019-02-22 18:13:09.982] [exthost1] [info] ExtensionService#loadCommonJSModule c:\Users\Manish Kumar\.codemix\engine\resources\app\extensions\typescript-language-features\dist\extension
[2019-02-22 18:13:10.249] [exthost1] [info] ExtensionService#_doActivateExtension vscode.grunt {"startup":false,"activationEvent":"onCommand:workbench.action.tasks.runTask"}
[2019-02-22 18:13:10.250] [exthost1] [info] ExtensionService#loadCommonJSModule c:\Users\Manish Kumar\.codemix\engine\resources\app\extensions\grunt\out\main
[2019-02-22 18:13:10.257] [exthost1] [info] ExtensionService#_doActivateExtension vscode.gulp {"startup":false,"activationEvent":"onCommand:workbench.action.tasks.runTask"}
[2019-02-22 18:13:10.257] [exthost1] [info] ExtensionService#loadCommonJSModule c:\Users\Manish Kumar\.codemix\engine\resources\app\extensions\gulp\out\main
[2019-02-22 18:13:10.265] [exthost1] [info] ExtensionService#_doActivateExtension vscode.jake {"startup":false,"activationEvent":"onCommand:workbench.action.tasks.runTask"}
[2019-02-22 18:13:10.265] [exthost1] [info] ExtensionService#loadCommonJSModule c:\Users\Manish Kumar\.codemix\engine\resources\app\extensions\jake\out\main
[2019-02-22 18:13:10.272] [exthost1] [info] ExtensionService#_doActivateExtension vscode.npm {"startup":false,"activationEvent":"onCommand:workbench.action.tasks.runTask"}
[2019-02-22 18:13:10.272] [exthost1] [info] ExtensionService#loadCommonJSModule c:\Users\Manish Kumar\.codemix\engine\resources\app\extensions\npm\out\main
[2019-02-22 18:13:10.443] [exthost1] [info] extension host started
[2019-02-22 18:13:10.491] [exthost1] [info] ExtensionService#_doActivateExtension vscode.debug-auto-launch {"startup":true,"activationEvent":"*"}
[2019-02-22 18:13:10.491] [exthost1] [info] ExtensionService#loadCommonJSModule c:\Users\Manish Kumar\.codemix\engine\resources\app\extensions\debug-auto-launch\out\extension
[2019-02-22 18:13:10.500] [exthost1] [info] ExtensionService#_doActivateExtension vscode.emmet {"startup":true,"activationEvent":"*"}
[2019-02-22 18:13:10.500] [exthost1] [info] ExtensionService#loadCommonJSModule c:\Users\Manish Kumar\.codemix\engine\resources\app\extensions\emmet\dist\extension
[2019-02-22 18:13:10.593] [exthost1] [info] ExtensionService#_doActivateExtension vscode.merge-conflict {"startup":true,"activationEvent":"*"}
[2019-02-22 18:13:10.593] [exthost1] [info] ExtensionService#loadCommonJSModule c:\Users\Manish Kumar\.codemix\engine\resources\app\extensions\merge-conflict\out\extension
[2019-02-22 18:13:10.659] [exthost1] [info] ExtensionService#_doActivateExtension vscode.search-rg {"startup":true,"activationEvent":"*"}
[2019-02-22 18:13:10.659] [exthost1] [info] ExtensionService#loadCommonJSModule c:\Users\Manish Kumar\.codemix\engine\resources\app\extensions\search-rg\out\extension
[2019-02-22 18:13:10.683] [exthost1] [info] ExtensionService#_doActivateExtension christian-kohler.path-intellisense {"startup":true,"activationEvent":"*"}
[2019-02-22 18:13:10.683] [exthost1] [info] ExtensionService#loadCommonJSModule C:\Users\Manish Kumar\.codemix\extensions\christian-kohler.path-intellisense-1.4.2\out\src\extension
[2019-02-22 18:13:10.705] [exthost1] [info] ExtensionService#_doActivateExtension dbaeumer.vscode-eslint {"startup":true,"activationEvent":"*"}
[2019-02-22 18:13:10.705] [exthost1] [info] ExtensionService#loadCommonJSModule C:\Users\Manish Kumar\.codemix\extensions\dbaeumer.vscode-eslint-1.4.10\client\out\extension
[2019-02-22 18:13:10.826] [exthost1] [info] ExtensionService#_doActivateExtension formulahendry.auto-close-tag {"startup":true,"activationEvent":"*"}
[2019-02-22 18:13:10.826] [exthost1] [info] ExtensionService#loadCommonJSModule C:\Users\Manish Kumar\.codemix\extensions\formulahendry.auto-close-tag-0.5.6\out\src\extension
[2019-02-22 18:13:10.828] [exthost1] [info] ExtensionService#_doActivateExtension formulahendry.auto-rename-tag {"startup":true,"activationEvent":"*"}
[2019-02-22 18:13:10.828] [exthost1] [info] ExtensionService#loadCommonJSModule C:\Users\Manish Kumar\.codemix\extensions\formulahendry.auto-rename-tag-0.0.15\out\src\extension
[2019-02-22 18:13:10.833] [exthost1] [info] eager extensions activated
[2019-02-22 18:13:10.833] [exthost1] [info] ExtensionService#_doActivateExtension vscode.configuration-editing {"startup":false,"activationEvent":"onLanguage:jsonc"}
[2019-02-22 18:13:10.833] [exthost1] [info] ExtensionService#loadCommonJSModule c:\Users\Manish Kumar\.codemix\engine\resources\app\extensions\configuration-editing\out\extension
[2019-02-22 18:13:10.850] [exthost1] [info] ExtensionService#_doActivateExtension vscode.json-language-features {"startup":false,"activationEvent":"onLanguage:jsonc"}
[2019-02-22 18:13:10.850] [exthost1] [info] ExtensionService#loadCommonJSModule c:\Users\Manish Kumar\.codemix\engine\resources\app\extensions\json-language-features\client\dist\jsonMain
[2019-02-22 18:13:11.067] [exthost1] [info] ExtensionService#_doActivateExtension vscode.typescript-language-features {"startup":false,"activationEvent":"onLanguage:jsonc"}
[2019-02-22 18:13:11.067] [exthost1] [info] ExtensionService#loadCommonJSModule c:\Users\Manish Kumar\.codemix\engine\resources\app\extensions\typescript-language-features\dist\extension
[2019-02-22 18:13:11.328] [exthost1] [info] ExtensionService#_doActivateExtension vscode.grunt {"startup":false,"activationEvent":"onCommand:workbench.action.tasks.runTask"}
[2019-02-22 18:13:11.328] [exthost1] [info] ExtensionService#loadCommonJSModule c:\Users\Manish Kumar\.codemix\engine\resources\app\extensions\grunt\out\main
[2019-02-22 18:13:11.341] [exthost1] [info] ExtensionService#_doActivateExtension vscode.gulp {"startup":false,"activationEvent":"onCommand:workbench.action.tasks.runTask"}
[2019-02-22 18:13:11.341] [exthost1] [info] ExtensionService#loadCommonJSModule c:\Users\Manish Kumar\.codemix\engine\resources\app\extensions\gulp\out\main
[2019-02-22 18:13:11.362] [exthost1] [info] ExtensionService#_doActivateExtension vscode.jake {"startup":false,"activationEvent":"onCommand:workbench.action.tasks.runTask"}
[2019-02-22 18:13:11.362] [exthost1] [info] ExtensionService#loadCommonJSModule c:\Users\Manish Kumar\.codemix\engine\resources\app\extensions\jake\out\main
[2019-02-22 18:13:11.398] [exthost1] [info] ExtensionService#_doActivateExtension vscode.npm {"startup":false,"activationEvent":"onCommand:workbench.action.tasks.runTask"}
[2019-02-22 18:13:11.398] [exthost1] [info] ExtensionService#loadCommonJSModule c:\Users\Manish Kumar\.codemix\engine\resources\app\extensions\npm\out\main
[2019-02-22 18:13:59.803] [exthost1] [info] extension host started
[2019-02-22 18:13:59.824] [exthost1] [info] ExtensionService#_doActivateExtension vscode.debug-auto-launch {"startup":true,"activationEvent":"*"}
[2019-02-22 18:13:59.824] [exthost1] [info] ExtensionService#loadCommonJSModule c:\Users\Manish Kumar\.codemix\engine\resources\app\extensions\debug-auto-launch\out\extension
[2019-02-22 18:13:59.855] [exthost1] [info] ExtensionService#_doActivateExtension vscode.emmet {"startup":true,"activationEvent":"*"}
[2019-02-22 18:13:59.855] [exthost1] [info] ExtensionService#loadCommonJSModule c:\Users\Manish Kumar\.codemix\engine\resources\app\extensions\emmet\dist\extension
[2019-02-22 18:13:59.894] [exthost1] [info] ExtensionService#_doActivateExtension vscode.merge-conflict {"startup":true,"activationEvent":"*"}
[2019-02-22 18:13:59.894] [exthost1] [info] ExtensionService#loadCommonJSModule c:\Users\Manish Kumar\.codemix\engine\resources\app\extensions\merge-conflict\out\extension
[2019-02-22 18:13:59.917] [exthost1] [info] ExtensionService#_doActivateExtension vscode.search-rg {"startup":true,"activationEvent":"*"}
[2019-02-22 18:13:59.917] [exthost1] [info] ExtensionService#loadCommonJSModule c:\Users\Manish Kumar\.codemix\engine\resources\app\extensions\search-rg\out\extension
[2019-02-22 18:13:59.927] [exthost1] [info] ExtensionService#_doActivateExtension christian-kohler.path-intellisense {"startup":true,"activationEvent":"*"}
[2019-02-22 18:13:59.927] [exthost1] [info] ExtensionService#loadCommonJSModule C:\Users\Manish Kumar\.codemix\extensions\christian-kohler.path-intellisense-1.4.2\out\src\extension
[2019-02-22 18:13:59.944] [exthost1] [info] ExtensionService#_doActivateExtension dbaeumer.vscode-eslint {"startup":true,"activationEvent":"*"}
[2019-02-22 18:13:59.944] [exthost1] [info] ExtensionService#loadCommonJSModule C:\Users\Manish Kumar\.codemix\extensions\dbaeumer.vscode-eslint-1.4.10\client\out\extension
[2019-02-22 18:14:00.060] [exthost1] [info] ExtensionService#_doActivateExtension formulahendry.auto-close-tag {"startup":true,"activationEvent":"*"}
[2019-02-22 18:14:00.060] [exthost1] [info] ExtensionService#loadCommonJSModule C:\Users\Manish Kumar\.codemix\extensions\formulahendry.auto-close-tag-0.5.6\out\src\extension
[2019-02-22 18:14:00.062] [exthost1] [info] ExtensionService#_doActivateExtension formulahendry.auto-rename-tag {"startup":true,"activationEvent":"*"}
[2019-02-22 18:14:00.062] [exthost1] [info] ExtensionService#loadCommonJSModule C:\Users\Manish Kumar\.codemix\extensions\formulahendry.auto-rename-tag-0.0.15\out\src\extension
[2019-02-22 18:14:00.068] [exthost1] [info] eager extensions activated
[2019-02-22 18:14:00.070] [exthost1] [info] ExtensionService#_doActivateExtension vscode.configuration-editing {"startup":false,"activationEvent":"onLanguage:jsonc"}
[2019-02-22 18:14:00.070] [exthost1] [info] ExtensionService#loadCommonJSModule c:\Users\Manish Kumar\.codemix\engine\resources\app\extensions\configuration-editing\out\extension
[2019-02-22 18:14:00.093] [exthost1] [info] ExtensionService#_doActivateExtension vscode.json-language-features {"startup":false,"activationEvent":"onLanguage:jsonc"}
[2019-02-22 18:14:00.093] [exthost1] [info] ExtensionService#loadCommonJSModule c:\Users\Manish Kumar\.codemix\engine\resources\app\extensions\json-language-features\client\dist\jsonMain
[2019-02-22 18:14:00.242] [exthost1] [info] ExtensionService#_doActivateExtension vscode.typescript-language-features {"startup":false,"activationEvent":"onLanguage:jsonc"}
[2019-02-22 18:14:00.242] [exthost1] [info] ExtensionService#loadCommonJSModule c:\Users\Manish Kumar\.codemix\engine\resources\app\extensions\typescript-language-features\dist\extension
[2019-02-22 18:14:00.421] [exthost1] [info] ExtensionService#_doActivateExtension vscode.grunt {"startup":false,"activationEvent":"onCommand:workbench.action.tasks.runTask"}
[2019-02-22 18:14:00.421] [exthost1] [info] ExtensionService#loadCommonJSModule c:\Users\Manish Kumar\.codemix\engine\resources\app\extensions\grunt\out\main
[2019-02-22 18:14:00.429] [exthost1] [info] ExtensionService#_doActivateExtension vscode.gulp {"startup":false,"activationEvent":"onCommand:workbench.action.tasks.runTask"}
[2019-02-22 18:14:00.429] [exthost1] [info] ExtensionService#loadCommonJSModule c:\Users\Manish Kumar\.codemix\engine\resources\app\extensions\gulp\out\main
[2019-02-22 18:14:00.438] [exthost1] [info] ExtensionService#_doActivateExtension vscode.jake {"startup":false,"activationEvent":"onCommand:workbench.action.tasks.runTask"}
[2019-02-22 18:14:00.438] [exthost1] [info] ExtensionService#loadCommonJSModule c:\Users\Manish Kumar\.codemix\engine\resources\app\extensions\jake\out\main
[2019-02-22 18:14:00.445] [exthost1] [info] ExtensionService#_doActivateExtension vscode.npm {"startup":false,"activationEvent":"onCommand:workbench.action.tasks.runTask"}
[2019-02-22 18:14:00.445] [exthost1] [info] ExtensionService#loadCommonJSModule c:\Users\Manish Kumar\.codemix\engine\resources\app\extensions\npm\out\main
[2019-02-22 18:14:00.570] [exthost1] [info] extension host started
[2019-02-22 18:14:00.598] [exthost1] [info] ExtensionService#_doActivateExtension vscode.debug-auto-launch {"startup":true,"activationEvent":"*"}
[2019-02-22 18:14:00.598] [exthost1] [info] ExtensionService#loadCommonJSModule c:\Users\Manish Kumar\.codemix\engine\resources\app\extensions\debug-auto-launch\out\extension
[2019-02-22 18:14:00.610] [exthost1] [info] ExtensionService#_doActivateExtension vscode.emmet {"startup":true,"activationEvent":"*"}
[2019-02-22 18:14:00.610] [exthost1] [info] ExtensionService#loadCommonJSModule c:\Users\Manish Kumar\.codemix\engine\resources\app\extensions\emmet\dist\extension
[2019-02-22 18:14:00.647] [exthost1] [info] ExtensionService#_doActivateExtension vscode.merge-conflict {"startup":true,"activationEvent":"*"}
[2019-02-22 18:14:00.647] [exthost1] [info] ExtensionService#loadCommonJSModule c:\Users\Manish Kumar\.codemix\engine\resources\app\extensions\merge-conflict\out\extension
[2019-02-22 18:14:00.670] [exthost1] [info] ExtensionService#_doActivateExtension vscode.search-rg {"startup":true,"activationEvent":"*"}
[2019-02-22 18:14:00.670] [exthost1] [info] ExtensionService#loadCommonJSModule c:\Users\Manish Kumar\.codemix\engine\resources\app\extensions\search-rg\out\extension
[2019-02-22 18:14:00.680] [exthost1] [info] ExtensionService#_doActivateExtension christian-kohler.path-intellisense {"startup":true,"activationEvent":"*"}
[2019-02-22 18:14:00.680] [exthost1] [info] ExtensionService#loadCommonJSModule C:\Users\Manish Kumar\.codemix\extensions\christian-kohler.path-intellisense-1.4.2\out\src\extension
[2019-02-22 18:14:00.699] [exthost1] [info] ExtensionService#_doActivateExtension dbaeumer.vscode-eslint {"startup":true,"activationEvent":"*"}
[2019-02-22 18:14:00.699] [exthost1] [info] ExtensionService#loadCommonJSModule C:\Users\Manish Kumar\.codemix\extensions\dbaeumer.vscode-eslint-1.4.10\client\out\extension
[2019-02-22 18:14:00.767] [exthost1] [info] ExtensionService#_doActivateExtension formulahendry.auto-close-tag {"startup":true,"activationEvent":"*"}
[2019-02-22 18:14:00.768] [exthost1] [info] ExtensionService#loadCommonJSModule C:\Users\Manish Kumar\.codemix\extensions\formulahendry.auto-close-tag-0.5.6\out\src\extension
[2019-02-22 18:14:00.769] [exthost1] [info] ExtensionService#_doActivateExtension formulahendry.auto-rename-tag {"startup":true,"activationEvent":"*"}
[2019-02-22 18:14:00.769] [exthost1] [info] ExtensionService#loadCommonJSModule C:\Users\Manish Kumar\.codemix\extensions\formulahendry.auto-rename-tag-0.0.15\out\src\extension
[2019-02-22 18:14:00.773] [exthost1] [info] eager extensions activated
[2019-02-22 18:14:00.773] [exthost1] [info] ExtensionService#_doActivateExtension vscode.configuration-editing {"startup":false,"activationEvent":"onLanguage:jsonc"}
[2019-02-22 18:14:00.774] [exthost1] [info] ExtensionService#loadCommonJSModule c:\Users\Manish Kumar\.codemix\engine\resources\app\extensions\configuration-editing\out\extension
[2019-02-22 18:14:00.785] [exthost1] [info] ExtensionService#_doActivateExtension vscode.json-language-features {"startup":false,"activationEvent":"onLanguage:jsonc"}
[2019-02-22 18:14:00.785] [exthost1] [info] ExtensionService#loadCommonJSModule c:\Users\Manish Kumar\.codemix\engine\resources\app\extensions\json-language-features\client\dist\jsonMain
[2019-02-22 18:14:00.915] [exthost1] [info] ExtensionService#_doActivateExtension vscode.typescript-language-features {"startup":false,"activationEvent":"onLanguage:jsonc"}
[2019-02-22 18:14:00.915] [exthost1] [info] ExtensionService#loadCommonJSModule c:\Users\Manish Kumar\.codemix\engine\resources\app\extensions\typescript-language-features\dist\extension
[2019-02-22 18:14:01.044] [exthost1] [info] ExtensionService#_doActivateExtension vscode.grunt {"startup":false,"activationEvent":"onCommand:workbench.action.tasks.runTask"}
[2019-02-22 18:14:01.044] [exthost1] [info] ExtensionService#loadCommonJSModule c:\Users\Manish Kumar\.codemix\engine\resources\app\extensions\grunt\out\main
[2019-02-22 18:14:01.051] [exthost1] [info] ExtensionService#_doActivateExtension vscode.gulp {"startup":false,"activationEvent":"onCommand:workbench.action.tasks.runTask"}
[2019-02-22 18:14:01.051] [exthost1] [info] ExtensionService#loadCommonJSModule c:\Users\Manish Kumar\.codemix\engine\resources\app\extensions\gulp\out\main
[2019-02-22 18:14:01.058] [exthost1] [info] ExtensionService#_doActivateExtension vscode.jake {"startup":false,"activationEvent":"onCommand:workbench.action.tasks.runTask"}
[2019-02-22 18:14:01.058] [exthost1] [info] ExtensionService#loadCommonJSModule c:\Users\Manish Kumar\.codemix\engine\resources\app\extensions\jake\out\main
[2019-02-22 18:14:01.064] [exthost1] [info] ExtensionService#_doActivateExtension vscode.npm {"startup":false,"activationEvent":"onCommand:workbench.action.tasks.runTask"}
[2019-02-22 18:14:01.064] [exthost1] [info] ExtensionService#loadCommonJSModule c:\Users\Manish Kumar\.codemix\engine\resources\app\extensions\npm\out\main
