[2019-02-22 18:13:03.299] [sharedprocess] [info] main {"machineId":"5447ba641b2e084e1cab8453107ad13c386019006e874cf52fe85aa5e0a0758b"}
[2019-02-22 18:13:03.321] [sharedprocess] [info] Scanned user extensions: 12
[2019-02-22 18:13:03.359] [sharedprocess] [info] Scanned system extensions: 72
[2019-02-22 18:13:07.907] [sharedprocess] [info] Scanned user extensions: 12
[2019-02-22 18:13:07.912] [sharedprocess] [info] Scanned user extensions: 12
[2019-02-22 18:13:08.044] [sharedprocess] [info] Scanned system extensions: 72
[2019-02-22 18:13:09.471] [sharedprocess] [info] Scanned user extensions: 12
[2019-02-22 18:13:09.491] [sharedprocess] [info] Scanned system extensions: 72
[2019-02-22 18:13:11.327] [sharedprocess] [info] Scanned user extensions: 12
[2019-02-22 18:13:14.545] [sharedprocess] [info] Scanned user extensions: 12
[2019-02-22 18:13:14.550] [sharedprocess] [info] Scanned user extensions: 12
[2019-02-22 18:13:14.550] [sharedprocess] [info] Installing the extension: codemix.angular-0.9.3
[2019-02-22 18:13:14.563] [sharedprocess] [info] Scanned user extensions: 12
[2019-02-22 18:13:14.625] [sharedprocess] [info] Scanned system extensions: 72
[2019-02-22 18:13:14.636] [sharedprocess] [info] Extracted extension to C:\Users\Manish Kumar\.codemix\extensions\.codemix.angular-0.9.3: codemix.angular-0.9.3
[2019-02-22 18:13:14.657] [sharedprocess] [info] Renamed to C:\Users\Manish Kumar\.codemix\extensions\codemix.angular-0.9.3
[2019-02-22 18:13:14.657] [sharedprocess] [info] Installation completed. codemix.angular-0.9.3
[2019-02-22 18:13:14.658] [sharedprocess] [info] Successfully installed the extension: codemix.angular-0.9.3
[2019-02-22 18:13:14.667] [sharedprocess] [info] Scanned user extensions: 13
[2019-02-22 18:13:14.777] [sharedprocess] [info] Scanned user extensions: 13
[2019-02-22 18:13:14.902] [sharedprocess] [info] Scanned user extensions: 13
[2019-02-22 18:13:14.906] [sharedprocess] [info] Scanned system extensions: 72
[2019-02-22 18:13:14.974] [sharedprocess] [info] Scanned system extensions: 72
[2019-02-22 18:13:20.980] [sharedprocess] [info] Scanned user extensions: 13
[2019-02-22 18:13:20.991] [sharedprocess] [info] Scanned user extensions: 13
[2019-02-22 18:13:20.991] [sharedprocess] [info] Installing the extension: ms-vscode.node-debug2-1.24.2
[2019-02-22 18:13:21.011] [sharedprocess] [info] Scanned user extensions: 13
[2019-02-22 18:13:21.050] [sharedprocess] [info] Scanned system extensions: 72
[2019-02-22 18:13:23.055] [sharedprocess] [info] Extracted extension to C:\Users\Manish Kumar\.codemix\extensions\.ms-vscode.node-debug2-1.24.2: ms-vscode.node-debug2-1.24.2
[2019-02-22 18:13:23.272] [sharedprocess] [info] Failed renaming C:\Users\Manish Kumar\.codemix\extensions\.ms-vscode.node-debug2-1.24.2 to C:\Users\Manish Kumar\.codemix\extensions\ms-vscode.node-debug2-1.24.2 with 'EPERM' error. Trying again...
[2019-02-22 18:13:23.413] [sharedprocess] [info] Failed renaming C:\Users\Manish Kumar\.codemix\extensions\.ms-vscode.node-debug2-1.24.2 to C:\Users\Manish Kumar\.codemix\extensions\ms-vscode.node-debug2-1.24.2 with 'EPERM' error. Trying again...
[2019-02-22 18:13:23.455] [sharedprocess] [info] Failed renaming C:\Users\Manish Kumar\.codemix\extensions\.ms-vscode.node-debug2-1.24.2 to C:\Users\Manish Kumar\.codemix\extensions\ms-vscode.node-debug2-1.24.2 with 'EPERM' error. Trying again...
[2019-02-22 18:13:23.562] [sharedprocess] [info] Failed renaming C:\Users\Manish Kumar\.codemix\extensions\.ms-vscode.node-debug2-1.24.2 to C:\Users\Manish Kumar\.codemix\extensions\ms-vscode.node-debug2-1.24.2 with 'EPERM' error. Trying again...
[2019-02-22 18:13:23.579] [sharedprocess] [info] Failed renaming C:\Users\Manish Kumar\.codemix\extensions\.ms-vscode.node-debug2-1.24.2 to C:\Users\Manish Kumar\.codemix\extensions\ms-vscode.node-debug2-1.24.2 with 'EPERM' error. Trying again...
[2019-02-22 18:13:23.701] [sharedprocess] [info] Failed renaming C:\Users\Manish Kumar\.codemix\extensions\.ms-vscode.node-debug2-1.24.2 to C:\Users\Manish Kumar\.codemix\extensions\ms-vscode.node-debug2-1.24.2 with 'EPERM' error. Trying again...
[2019-02-22 18:13:23.772] [sharedprocess] [info] Failed renaming C:\Users\Manish Kumar\.codemix\extensions\.ms-vscode.node-debug2-1.24.2 to C:\Users\Manish Kumar\.codemix\extensions\ms-vscode.node-debug2-1.24.2 with 'EPERM' error. Trying again...
[2019-02-22 18:13:23.878] [sharedprocess] [info] Failed renaming C:\Users\Manish Kumar\.codemix\extensions\.ms-vscode.node-debug2-1.24.2 to C:\Users\Manish Kumar\.codemix\extensions\ms-vscode.node-debug2-1.24.2 with 'EPERM' error. Trying again...
[2019-02-22 18:13:23.921] [sharedprocess] [info] Failed renaming C:\Users\Manish Kumar\.codemix\extensions\.ms-vscode.node-debug2-1.24.2 to C:\Users\Manish Kumar\.codemix\extensions\ms-vscode.node-debug2-1.24.2 with 'EPERM' error. Trying again...
[2019-02-22 18:13:24.222] [sharedprocess] [info] Failed renaming C:\Users\Manish Kumar\.codemix\extensions\.ms-vscode.node-debug2-1.24.2 to C:\Users\Manish Kumar\.codemix\extensions\ms-vscode.node-debug2-1.24.2 with 'EPERM' error. Trying again...
[2019-02-22 18:13:24.372] [sharedprocess] [info] Failed renaming C:\Users\Manish Kumar\.codemix\extensions\.ms-vscode.node-debug2-1.24.2 to C:\Users\Manish Kumar\.codemix\extensions\ms-vscode.node-debug2-1.24.2 with 'EPERM' error. Trying again...
[2019-02-22 18:13:24.465] [sharedprocess] [info] Failed renaming C:\Users\Manish Kumar\.codemix\extensions\.ms-vscode.node-debug2-1.24.2 to C:\Users\Manish Kumar\.codemix\extensions\ms-vscode.node-debug2-1.24.2 with 'EPERM' error. Trying again...
[2019-02-22 18:13:24.481] [sharedprocess] [info] Failed renaming C:\Users\Manish Kumar\.codemix\extensions\.ms-vscode.node-debug2-1.24.2 to C:\Users\Manish Kumar\.codemix\extensions\ms-vscode.node-debug2-1.24.2 with 'EPERM' error. Trying again...
[2019-02-22 18:13:24.524] [sharedprocess] [info] Failed renaming C:\Users\Manish Kumar\.codemix\extensions\.ms-vscode.node-debug2-1.24.2 to C:\Users\Manish Kumar\.codemix\extensions\ms-vscode.node-debug2-1.24.2 with 'EPERM' error. Trying again...
[2019-02-22 18:13:24.594] [sharedprocess] [info] Failed renaming C:\Users\Manish Kumar\.codemix\extensions\.ms-vscode.node-debug2-1.24.2 to C:\Users\Manish Kumar\.codemix\extensions\ms-vscode.node-debug2-1.24.2 with 'EPERM' error. Trying again...
[2019-02-22 18:13:24.597] [sharedprocess] [info] Failed renaming C:\Users\Manish Kumar\.codemix\extensions\.ms-vscode.node-debug2-1.24.2 to C:\Users\Manish Kumar\.codemix\extensions\ms-vscode.node-debug2-1.24.2 with 'EPERM' error. Trying again...
[2019-02-22 18:13:24.739] [sharedprocess] [info] Failed renaming C:\Users\Manish Kumar\.codemix\extensions\.ms-vscode.node-debug2-1.24.2 to C:\Users\Manish Kumar\.codemix\extensions\ms-vscode.node-debug2-1.24.2 with 'EPERM' error. Trying again...
[2019-02-22 18:13:24.823] [sharedprocess] [info] Failed renaming C:\Users\Manish Kumar\.codemix\extensions\.ms-vscode.node-debug2-1.24.2 to C:\Users\Manish Kumar\.codemix\extensions\ms-vscode.node-debug2-1.24.2 with 'EPERM' error. Trying again...
[2019-02-22 18:13:24.846] [sharedprocess] [info] Failed renaming C:\Users\Manish Kumar\.codemix\extensions\.ms-vscode.node-debug2-1.24.2 to C:\Users\Manish Kumar\.codemix\extensions\ms-vscode.node-debug2-1.24.2 with 'EPERM' error. Trying again...
[2019-02-22 18:13:24.885] [sharedprocess] [info] Failed renaming C:\Users\Manish Kumar\.codemix\extensions\.ms-vscode.node-debug2-1.24.2 to C:\Users\Manish Kumar\.codemix\extensions\ms-vscode.node-debug2-1.24.2 with 'EPERM' error. Trying again...
[2019-02-22 18:13:24.982] [sharedprocess] [info] Failed renaming C:\Users\Manish Kumar\.codemix\extensions\.ms-vscode.node-debug2-1.24.2 to C:\Users\Manish Kumar\.codemix\extensions\ms-vscode.node-debug2-1.24.2 with 'EPERM' error. Trying again...
[2019-02-22 18:13:25.080] [sharedprocess] [info] Failed renaming C:\Users\Manish Kumar\.codemix\extensions\.ms-vscode.node-debug2-1.24.2 to C:\Users\Manish Kumar\.codemix\extensions\ms-vscode.node-debug2-1.24.2 with 'EPERM' error. Trying again...
[2019-02-22 18:13:25.164] [sharedprocess] [info] Failed renaming C:\Users\Manish Kumar\.codemix\extensions\.ms-vscode.node-debug2-1.24.2 to C:\Users\Manish Kumar\.codemix\extensions\ms-vscode.node-debug2-1.24.2 with 'EPERM' error. Trying again...
[2019-02-22 18:13:25.309] [sharedprocess] [info] Failed renaming C:\Users\Manish Kumar\.codemix\extensions\.ms-vscode.node-debug2-1.24.2 to C:\Users\Manish Kumar\.codemix\extensions\ms-vscode.node-debug2-1.24.2 with 'EPERM' error. Trying again...
[2019-02-22 18:13:25.320] [sharedprocess] [info] Failed renaming C:\Users\Manish Kumar\.codemix\extensions\.ms-vscode.node-debug2-1.24.2 to C:\Users\Manish Kumar\.codemix\extensions\ms-vscode.node-debug2-1.24.2 with 'EPERM' error. Trying again...
[2019-02-22 18:13:25.411] [sharedprocess] [info] Failed renaming C:\Users\Manish Kumar\.codemix\extensions\.ms-vscode.node-debug2-1.24.2 to C:\Users\Manish Kumar\.codemix\extensions\ms-vscode.node-debug2-1.24.2 with 'EPERM' error. Trying again...
[2019-02-22 18:13:25.467] [sharedprocess] [info] Renamed to C:\Users\Manish Kumar\.codemix\extensions\ms-vscode.node-debug2-1.24.2
[2019-02-22 18:13:25.467] [sharedprocess] [info] Installation completed. ms-vscode.node-debug2-1.24.2
[2019-02-22 18:13:25.469] [sharedprocess] [info] Successfully installed the extension: ms-vscode.node-debug2-1.24.2
[2019-02-22 18:13:25.478] [sharedprocess] [info] Scanned user extensions: 14
[2019-02-22 18:13:25.493] [sharedprocess] [info] Scanned user extensions: 14
[2019-02-22 18:13:25.549] [sharedprocess] [info] Scanned system extensions: 72
[2019-02-22 18:13:25.586] [sharedprocess] [info] Scanned user extensions: 14
[2019-02-22 18:13:25.617] [sharedprocess] [info] Scanned user extensions: 14
[2019-02-22 18:13:25.627] [sharedprocess] [info] Scanned user extensions: 14
[2019-02-22 18:13:25.627] [sharedprocess] [info] Installing the extension: codemix.node-0.9.2
[2019-02-22 18:13:25.628] [sharedprocess] [info] Scanned system extensions: 72
[2019-02-22 18:13:25.648] [sharedprocess] [info] Scanned user extensions: 14
[2019-02-22 18:13:25.676] [sharedprocess] [info] Scanned system extensions: 72
[2019-02-22 18:13:25.699] [sharedprocess] [info] Extracted extension to C:\Users\Manish Kumar\.codemix\extensions\.codemix.node-0.9.2: codemix.node-0.9.2
[2019-02-22 18:13:25.724] [sharedprocess] [info] Renamed to C:\Users\Manish Kumar\.codemix\extensions\codemix.node-0.9.2
[2019-02-22 18:13:25.724] [sharedprocess] [info] Installation completed. codemix.node-0.9.2
[2019-02-22 18:13:25.726] [sharedprocess] [info] Successfully installed the extension: codemix.node-0.9.2
[2019-02-22 18:13:25.751] [sharedprocess] [info] Scanned user extensions: 15
[2019-02-22 18:13:25.770] [sharedprocess] [info] Scanned user extensions: 15
[2019-02-22 18:13:25.792] [sharedprocess] [info] Scanned system extensions: 72
[2019-02-22 18:13:25.841] [sharedprocess] [info] Scanned user extensions: 15
[2019-02-22 18:13:25.856] [sharedprocess] [info] Scanned system extensions: 72
[2019-02-22 18:13:43.303] [sharedprocess] [info] Starting to clean up unused language packs.
[2019-02-22 18:13:47.376] [sharedprocess] [info] Scanned user extensions: 15
[2019-02-22 18:13:47.388] [sharedprocess] [info] Scanned user extensions: 15
[2019-02-22 18:13:47.388] [sharedprocess] [info] Installing the extension: angular.ng-template-0.1.9
[2019-02-22 18:13:47.404] [sharedprocess] [info] Scanned user extensions: 15
[2019-02-22 18:13:47.430] [sharedprocess] [info] Scanned system extensions: 72
[2019-02-22 18:13:50.294] [sharedprocess] [info] Extracted extension to C:\Users\Manish Kumar\.codemix\extensions\.angular.ng-template-0.1.9: angular.ng-template-0.1.9
[2019-02-22 18:13:50.306] [sharedprocess] [info] Renamed to C:\Users\Manish Kumar\.codemix\extensions\angular.ng-template-0.1.9
[2019-02-22 18:13:50.306] [sharedprocess] [info] Installation completed. angular.ng-template-0.1.9
[2019-02-22 18:13:50.310] [sharedprocess] [info] Successfully installed the extension: angular.ng-template-0.1.9
[2019-02-22 18:13:50.331] [sharedprocess] [info] Scanned user extensions: 16
[2019-02-22 18:13:50.354] [sharedprocess] [info] Scanned user extensions: 16
[2019-02-22 18:13:50.375] [sharedprocess] [info] Scanned system extensions: 72
[2019-02-22 18:13:50.426] [sharedprocess] [info] Scanned user extensions: 16
[2019-02-22 18:13:50.441] [sharedprocess] [info] Scanned system extensions: 72
[2019-02-22 18:13:56.748] [sharedprocess] [info] Scanned user extensions: 16
[2019-02-22 18:13:56.754] [sharedprocess] [info] Scanned user extensions: 16
[2019-02-22 18:13:56.754] [sharedprocess] [info] Installing the extension: johnpapa.angular2-6.1.1
[2019-02-22 18:13:56.763] [sharedprocess] [info] Scanned user extensions: 16
[2019-02-22 18:13:56.782] [sharedprocess] [info] Scanned system extensions: 72
[2019-02-22 18:13:57.092] [sharedprocess] [info] Extracted extension to C:\Users\Manish Kumar\.codemix\extensions\.johnpapa.angular2-6.1.1: johnpapa.angular2-6.1.1
[2019-02-22 18:13:57.096] [sharedprocess] [info] Renamed to C:\Users\Manish Kumar\.codemix\extensions\johnpapa.angular2-6.1.1
[2019-02-22 18:13:57.096] [sharedprocess] [info] Installation completed. johnpapa.angular2-6.1.1
[2019-02-22 18:13:57.097] [sharedprocess] [info] Successfully installed the extension: johnpapa.angular2-6.1.1
[2019-02-22 18:13:57.105] [sharedprocess] [info] Scanned user extensions: 17
[2019-02-22 18:13:57.120] [sharedprocess] [info] Scanned user extensions: 17
[2019-02-22 18:13:57.135] [sharedprocess] [info] Scanned system extensions: 72
[2019-02-22 18:13:57.208] [sharedprocess] [info] Scanned user extensions: 17
[2019-02-22 18:13:57.224] [sharedprocess] [info] Scanned system extensions: 72
[2019-02-22 18:13:58.606] [sharedprocess] [info] Scanned user extensions: 17
[2019-02-22 18:13:58.608] [sharedprocess] [info] Scanned user extensions: 17
[2019-02-22 18:13:58.624] [sharedprocess] [info] Scanned system extensions: 72
[2019-02-22 18:13:59.683] [sharedprocess] [info] Scanned user extensions: 17
[2019-02-22 18:13:59.716] [sharedprocess] [info] Scanned system extensions: 72
[2019-02-22 18:14:01.706] [sharedprocess] [info] Scanned user extensions: 17
[2019-02-22 18:19:01.861] [sharedprocess] [info] Scanned user extensions: 17
[2019-02-22 18:24:01.892] [sharedprocess] [info] Scanned user extensions: 17
[2019-02-22 18:29:01.928] [sharedprocess] [info] Scanned user extensions: 17
[2019-02-22 18:34:01.943] [sharedprocess] [info] Scanned user extensions: 17
[2019-02-22 18:39:01.955] [sharedprocess] [info] Scanned user extensions: 17
[2019-02-22 18:44:01.986] [sharedprocess] [info] Scanned user extensions: 17
[2019-02-22 18:49:02.023] [sharedprocess] [info] Scanned user extensions: 17
[2019-02-22 18:54:02.060] [sharedprocess] [info] Scanned user extensions: 17
[2019-02-22 18:59:02.091] [sharedprocess] [info] Scanned user extensions: 17
[2019-02-22 19:04:02.130] [sharedprocess] [info] Scanned user extensions: 17
[2019-02-22 19:09:02.160] [sharedprocess] [info] Scanned user extensions: 17
[2019-02-22 19:14:02.187] [sharedprocess] [info] Scanned user extensions: 17
[2019-02-22 19:19:02.225] [sharedprocess] [info] Scanned user extensions: 17
[2019-02-22 19:24:02.250] [sharedprocess] [info] Scanned user extensions: 17
[2019-02-22 19:29:02.290] [sharedprocess] [info] Scanned user extensions: 17
[2019-02-22 19:34:02.334] [sharedprocess] [info] Scanned user extensions: 17
[2019-02-22 19:39:02.349] [sharedprocess] [info] Scanned user extensions: 17
[2019-02-22 19:44:02.361] [sharedprocess] [info] Scanned user extensions: 17
[2019-02-22 19:49:02.380] [sharedprocess] [info] Scanned user extensions: 17
[2019-02-22 19:54:02.416] [sharedprocess] [info] Scanned user extensions: 17
[2019-02-23 11:42:57.888] [sharedprocess] [info] Scanned user extensions: 17
[2019-02-23 11:47:57.933] [sharedprocess] [info] Scanned user extensions: 17
[2019-02-23 11:52:57.965] [sharedprocess] [info] Scanned user extensions: 17
[2019-02-23 11:58:03.080] [sharedprocess] [info] Scanned user extensions: 17
[2019-02-23 12:03:03.097] [sharedprocess] [info] Scanned user extensions: 17
[2019-02-23 12:08:03.131] [sharedprocess] [info] Scanned user extensions: 17
[2019-02-23 12:13:03.160] [sharedprocess] [info] Scanned user extensions: 17
[2019-02-23 12:18:03.230] [sharedprocess] [info] Scanned user extensions: 17
[2019-02-23 12:23:03.247] [sharedprocess] [info] Scanned user extensions: 17
[2019-02-23 12:28:03.273] [sharedprocess] [info] Scanned user extensions: 17
[2019-02-25 10:01:02.160] [sharedprocess] [info] Scanned user extensions: 17
[2019-02-25 10:06:02.202] [sharedprocess] [info] Scanned user extensions: 17
[2019-02-25 10:11:02.248] [sharedprocess] [info] Scanned user extensions: 17
[2019-02-25 10:16:02.334] [sharedprocess] [info] Scanned user extensions: 17
[2019-02-25 10:21:02.350] [sharedprocess] [info] Scanned user extensions: 17
[2019-02-25 10:26:02.385] [sharedprocess] [info] Scanned user extensions: 17
[2019-02-25 10:31:02.411] [sharedprocess] [info] Scanned user extensions: 17
